2021-03-18T10:17:09+00:00 CRITICAL Uncaught Error: Unknown named parameter $tasks_meta_id in /opt/lampp/htdocs/project2/wp-includes/class-wp-hook.php:292
Stack trace:
#0 /opt/lampp/htdocs/project2/wp-includes/class-wp-hook.php(316): WP_Hook->apply_filters('', Array)
#1 /opt/lampp/htdocs/project2/wp-includes/plugin.php(551): WP_Hook->do_action(Array)
#2 /opt/lampp/htdocs/project2/wp-content/plugins/woocommerce/packages/action-scheduler/classes/actions/ActionScheduler_Action.php(22): do_action_ref_array('wpforms_process...', Array)
#3 /opt/lampp/htdocs/project2/wp-content/plugins/woocommerce/packages/action-scheduler/classes/abstracts/ActionScheduler_Abstract_QueueRunner.php(65): ActionScheduler_Action->execute()
#4 /opt/lampp/htdocs/project2/wp-content/plugins/woocommerce/packages/action-scheduler/classes/ActionScheduler_QueueRunner.php(162): ActionScheduler_Abstract_QueueRunner->process_action(75, 'WP Cron')
#5 /opt/lampp/htdocs/project2/wp-content/plugins/woocommerce/packages/action-scheduler/classes/ActionScheduler_QueueRunner.php(132): ActionScheduler_QueueRunner->do_batch(25, 'WP Cron')
#6 /opt/lampp/htdocs/project2/wp-includes/class-wp-hook.php(292): ActionScheduler_QueueRunner->run('WP Cron')
#7 /opt/lampp/htdocs/project2/wp-includes/class-wp-hook.php(316): WP_Hook->apply_filters('', Array)
#8 /opt/lampp/htdocs/project2/wp-includes/plugin.php(551): WP_Hook->do_action(Array)
#9 /opt/lampp/htdocs/project2/wp-cron.php(138): do_action_ref_array('action_schedule...', Array)
#10 {main}
  thrown in /opt/lampp/htdocs/project2/wp-includes/class-wp-hook.php on line 292

2021-03-18T10:17:25+00:00 CRITICAL Uncaught Error: Unknown named parameter $tasks_meta_id in /opt/lampp/htdocs/project2/wp-includes/class-wp-hook.php:292
Stack trace:
#0 /opt/lampp/htdocs/project2/wp-includes/class-wp-hook.php(316): WP_Hook->apply_filters('', Array)
#1 /opt/lampp/htdocs/project2/wp-includes/plugin.php(551): WP_Hook->do_action(Array)
#2 /opt/lampp/htdocs/project2/wp-content/plugins/woocommerce/packages/action-scheduler/classes/actions/ActionScheduler_Action.php(22): do_action_ref_array('wpforms_admin_n...', Array)
#3 /opt/lampp/htdocs/project2/wp-content/plugins/woocommerce/packages/action-scheduler/classes/abstracts/ActionScheduler_Abstract_QueueRunner.php(65): ActionScheduler_Action->execute()
#4 /opt/lampp/htdocs/project2/wp-content/plugins/woocommerce/packages/action-scheduler/classes/ActionScheduler_QueueRunner.php(162): ActionScheduler_Abstract_QueueRunner->process_action(94, 'Async Request')
#5 /opt/lampp/htdocs/project2/wp-content/plugins/woocommerce/packages/action-scheduler/classes/ActionScheduler_QueueRunner.php(132): ActionScheduler_QueueRunner->do_batch(25, 'Async Request')
#6 /opt/lampp/htdocs/project2/wp-includes/class-wp-hook.php(292): ActionScheduler_QueueRunner->run('Async Request')
#7 /opt/lampp/htdocs/project2/wp-includes/class-wp-hook.php(316): WP_Hook->apply_filters('', Array)
#8 /opt/lampp/htdocs/project2/wp-includes/plugin.php(484): WP_Hook->do_action(Array)
#9 /opt/lampp/htdocs/project2/wp-content/plugins/woocommerce/packages/action-scheduler/classes/ActionScheduler_AsyncRequest_QueueRunner.php(52): do_action('action_schedule...', 'Async Request')
#10 /opt/lampp/htdocs/project2/wp-content/plugins/woocommerce/includes/libraries/wp-async-request.php(147): ActionScheduler_AsyncRequest_QueueRunner->handle()
#11 /opt/lampp/htdocs/project2/wp-includes/class-wp-hook.php(292): WP_Async_Request->maybe_handle('')
#12 /opt/lampp/htdocs/project2/wp-includes/class-wp-hook.php(316): WP_Hook->apply_filters('', Array)
#13 /opt/lampp/htdocs/project2/wp-includes/plugin.php(484): WP_Hook->do_action(Array)
#14 /opt/lampp/htdocs/project2/wp-admin/admin-ajax.php(187): do_action('wp_ajax_as_asyn...')
#15 {main}
  thrown in /opt/lampp/htdocs/project2/wp-includes/class-wp-hook.php on line 292

2021-03-18T10:18:37+00:00 CRITICAL Uncaught Error: Unknown named parameter $tasks_meta_id in /opt/lampp/htdocs/project2/wp-includes/class-wp-hook.php:292
Stack trace:
#0 /opt/lampp/htdocs/project2/wp-includes/class-wp-hook.php(316): WP_Hook->apply_filters('', Array)
#1 /opt/lampp/htdocs/project2/wp-includes/plugin.php(551): WP_Hook->do_action(Array)
#2 /opt/lampp/htdocs/project2/wp-content/plugins/woocommerce/packages/action-scheduler/classes/actions/ActionScheduler_Action.php(22): do_action_ref_array('wpforms_admin_n...', Array)
#3 /opt/lampp/htdocs/project2/wp-content/plugins/woocommerce/packages/action-scheduler/classes/abstracts/ActionScheduler_Abstract_QueueRunner.php(65): ActionScheduler_Action->execute()
#4 /opt/lampp/htdocs/project2/wp-content/plugins/woocommerce/packages/action-scheduler/classes/ActionScheduler_QueueRunner.php(162): ActionScheduler_Abstract_QueueRunner->process_action(96, 'WP Cron')
#5 /opt/lampp/htdocs/project2/wp-content/plugins/woocommerce/packages/action-scheduler/classes/ActionScheduler_QueueRunner.php(132): ActionScheduler_QueueRunner->do_batch(25, 'WP Cron')
#6 /opt/lampp/htdocs/project2/wp-includes/class-wp-hook.php(292): ActionScheduler_QueueRunner->run('WP Cron')
#7 /opt/lampp/htdocs/project2/wp-includes/class-wp-hook.php(316): WP_Hook->apply_filters('', Array)
#8 /opt/lampp/htdocs/project2/wp-includes/plugin.php(551): WP_Hook->do_action(Array)
#9 /opt/lampp/htdocs/project2/wp-cron.php(138): do_action_ref_array('action_schedule...', Array)
#10 {main}
  thrown in /opt/lampp/htdocs/project2/wp-includes/class-wp-hook.php on line 292

2021-03-18T10:19:49+00:00 CRITICAL Uncaught Error: Unknown named parameter $tasks_meta_id in /opt/lampp/htdocs/project2/wp-includes/class-wp-hook.php:292
Stack trace:
#0 /opt/lampp/htdocs/project2/wp-includes/class-wp-hook.php(316): WP_Hook->apply_filters('', Array)
#1 /opt/lampp/htdocs/project2/wp-includes/plugin.php(551): WP_Hook->do_action(Array)
#2 /opt/lampp/htdocs/project2/wp-content/plugins/woocommerce/packages/action-scheduler/classes/actions/ActionScheduler_Action.php(22): do_action_ref_array('wpforms_admin_n...', Array)
#3 /opt/lampp/htdocs/project2/wp-content/plugins/woocommerce/packages/action-scheduler/classes/abstracts/ActionScheduler_Abstract_QueueRunner.php(65): ActionScheduler_Action->execute()
#4 /opt/lampp/htdocs/project2/wp-content/plugins/woocommerce/packages/action-scheduler/classes/ActionScheduler_QueueRunner.php(162): ActionScheduler_Abstract_QueueRunner->process_action(97, 'Async Request')
#5 /opt/lampp/htdocs/project2/wp-content/plugins/woocommerce/packages/action-scheduler/classes/ActionScheduler_QueueRunner.php(132): ActionScheduler_QueueRunner->do_batch(25, 'Async Request')
#6 /opt/lampp/htdocs/project2/wp-includes/class-wp-hook.php(292): ActionScheduler_QueueRunner->run('Async Request')
#7 /opt/lampp/htdocs/project2/wp-includes/class-wp-hook.php(316): WP_Hook->apply_filters('', Array)
#8 /opt/lampp/htdocs/project2/wp-includes/plugin.php(484): WP_Hook->do_action(Array)
#9 /opt/lampp/htdocs/project2/wp-content/plugins/woocommerce/packages/action-scheduler/classes/ActionScheduler_AsyncRequest_QueueRunner.php(52): do_action('action_schedule...', 'Async Request')
#10 /opt/lampp/htdocs/project2/wp-content/plugins/woocommerce/includes/libraries/wp-async-request.php(147): ActionScheduler_AsyncRequest_QueueRunner->handle()
#11 /opt/lampp/htdocs/project2/wp-includes/class-wp-hook.php(292): WP_Async_Request->maybe_handle('')
#12 /opt/lampp/htdocs/project2/wp-includes/class-wp-hook.php(316): WP_Hook->apply_filters('', Array)
#13 /opt/lampp/htdocs/project2/wp-includes/plugin.php(484): WP_Hook->do_action(Array)
#14 /opt/lampp/htdocs/project2/wp-admin/admin-ajax.php(187): do_action('wp_ajax_as_asyn...')
#15 {main}
  thrown in /opt/lampp/htdocs/project2/wp-includes/class-wp-hook.php on line 292

2021-03-18T10:22:37+00:00 CRITICAL Uncaught Error: Unknown named parameter $tasks_meta_id in /opt/lampp/htdocs/project2/wp-includes/class-wp-hook.php:292
Stack trace:
#0 /opt/lampp/htdocs/project2/wp-includes/class-wp-hook.php(316): WP_Hook->apply_filters('', Array)
#1 /opt/lampp/htdocs/project2/wp-includes/plugin.php(551): WP_Hook->do_action(Array)
#2 /opt/lampp/htdocs/project2/wp-content/plugins/woocommerce/packages/action-scheduler/classes/actions/ActionScheduler_Action.php(22): do_action_ref_array('wpforms_admin_n...', Array)
#3 /opt/lampp/htdocs/project2/wp-content/plugins/woocommerce/packages/action-scheduler/classes/abstracts/ActionScheduler_Abstract_QueueRunner.php(65): ActionScheduler_Action->execute()
#4 /opt/lampp/htdocs/project2/wp-content/plugins/woocommerce/packages/action-scheduler/classes/ActionScheduler_QueueRunner.php(162): ActionScheduler_Abstract_QueueRunner->process_action(98, 'WP Cron')
#5 /opt/lampp/htdocs/project2/wp-content/plugins/woocommerce/packages/action-scheduler/classes/ActionScheduler_QueueRunner.php(132): ActionScheduler_QueueRunner->do_batch(25, 'WP Cron')
#6 /opt/lampp/htdocs/project2/wp-includes/class-wp-hook.php(292): ActionScheduler_QueueRunner->run('WP Cron')
#7 /opt/lampp/htdocs/project2/wp-includes/class-wp-hook.php(316): WP_Hook->apply_filters('', Array)
#8 /opt/lampp/htdocs/project2/wp-includes/plugin.php(551): WP_Hook->do_action(Array)
#9 /opt/lampp/htdocs/project2/wp-cron.php(138): do_action_ref_array('action_schedule...', Array)
#10 {main}
  thrown in /opt/lampp/htdocs/project2/wp-includes/class-wp-hook.php on line 292

2021-03-18T10:34:53+00:00 CRITICAL Uncaught Error: Unknown named parameter $tasks_meta_id in /opt/lampp/htdocs/project2/wp-includes/class-wp-hook.php:292
Stack trace:
#0 /opt/lampp/htdocs/project2/wp-includes/class-wp-hook.php(316): WP_Hook->apply_filters('', Array)
#1 /opt/lampp/htdocs/project2/wp-includes/plugin.php(551): WP_Hook->do_action(Array)
#2 /opt/lampp/htdocs/project2/wp-content/plugins/woocommerce/packages/action-scheduler/classes/actions/ActionScheduler_Action.php(22): do_action_ref_array('wpforms_admin_n...', Array)
#3 /opt/lampp/htdocs/project2/wp-content/plugins/woocommerce/packages/action-scheduler/classes/abstracts/ActionScheduler_Abstract_QueueRunner.php(65): ActionScheduler_Action->execute()
#4 /opt/lampp/htdocs/project2/wp-content/plugins/woocommerce/packages/action-scheduler/classes/ActionScheduler_QueueRunner.php(162): ActionScheduler_Abstract_QueueRunner->process_action(99, 'Async Request')
#5 /opt/lampp/htdocs/project2/wp-content/plugins/woocommerce/packages/action-scheduler/classes/ActionScheduler_QueueRunner.php(132): ActionScheduler_QueueRunner->do_batch(25, 'Async Request')
#6 /opt/lampp/htdocs/project2/wp-includes/class-wp-hook.php(292): ActionScheduler_QueueRunner->run('Async Request')
#7 /opt/lampp/htdocs/project2/wp-includes/class-wp-hook.php(316): WP_Hook->apply_filters('', Array)
#8 /opt/lampp/htdocs/project2/wp-includes/plugin.php(484): WP_Hook->do_action(Array)
#9 /opt/lampp/htdocs/project2/wp-content/plugins/woocommerce/packages/action-scheduler/classes/ActionScheduler_AsyncRequest_QueueRunner.php(52): do_action('action_schedule...', 'Async Request')
#10 /opt/lampp/htdocs/project2/wp-content/plugins/woocommerce/includes/libraries/wp-async-request.php(147): ActionScheduler_AsyncRequest_QueueRunner->handle()
#11 /opt/lampp/htdocs/project2/wp-includes/class-wp-hook.php(292): WP_Async_Request->maybe_handle('')
#12 /opt/lampp/htdocs/project2/wp-includes/class-wp-hook.php(316): WP_Hook->apply_filters('', Array)
#13 /opt/lampp/htdocs/project2/wp-includes/plugin.php(484): WP_Hook->do_action(Array)
#14 /opt/lampp/htdocs/project2/wp-admin/admin-ajax.php(187): do_action('wp_ajax_as_asyn...')
#15 {main}
  thrown in /opt/lampp/htdocs/project2/wp-includes/class-wp-hook.php on line 292

2021-03-18T10:35:42+00:00 CRITICAL Uncaught Error: Unknown named parameter $tasks_meta_id in /opt/lampp/htdocs/project2/wp-includes/class-wp-hook.php:292
Stack trace:
#0 /opt/lampp/htdocs/project2/wp-includes/class-wp-hook.php(316): WP_Hook->apply_filters('', Array)
#1 /opt/lampp/htdocs/project2/wp-includes/plugin.php(551): WP_Hook->do_action(Array)
#2 /opt/lampp/htdocs/project2/wp-content/plugins/woocommerce/packages/action-scheduler/classes/actions/ActionScheduler_Action.php(22): do_action_ref_array('wpforms_admin_n...', Array)
#3 /opt/lampp/htdocs/project2/wp-content/plugins/woocommerce/packages/action-scheduler/classes/abstracts/ActionScheduler_Abstract_QueueRunner.php(65): ActionScheduler_Action->execute()
#4 /opt/lampp/htdocs/project2/wp-content/plugins/woocommerce/packages/action-scheduler/classes/ActionScheduler_QueueRunner.php(162): ActionScheduler_Abstract_QueueRunner->process_action(100, 'WP Cron')
#5 /opt/lampp/htdocs/project2/wp-content/plugins/woocommerce/packages/action-scheduler/classes/ActionScheduler_QueueRunner.php(132): ActionScheduler_QueueRunner->do_batch(25, 'WP Cron')
#6 /opt/lampp/htdocs/project2/wp-includes/class-wp-hook.php(292): ActionScheduler_QueueRunner->run('WP Cron')
#7 /opt/lampp/htdocs/project2/wp-includes/class-wp-hook.php(316): WP_Hook->apply_filters('', Array)
#8 /opt/lampp/htdocs/project2/wp-includes/plugin.php(551): WP_Hook->do_action(Array)
#9 /opt/lampp/htdocs/project2/wp-cron.php(138): do_action_ref_array('action_schedule...', Array)
#10 {main}
  thrown in /opt/lampp/htdocs/project2/wp-includes/class-wp-hook.php on line 292

2021-03-18T10:36:37+00:00 CRITICAL Uncaught Error: Unknown named parameter $tasks_meta_id in /opt/lampp/htdocs/project2/wp-includes/class-wp-hook.php:292
Stack trace:
#0 /opt/lampp/htdocs/project2/wp-includes/class-wp-hook.php(316): WP_Hook->apply_filters('', Array)
#1 /opt/lampp/htdocs/project2/wp-includes/plugin.php(551): WP_Hook->do_action(Array)
#2 /opt/lampp/htdocs/project2/wp-content/plugins/woocommerce/packages/action-scheduler/classes/actions/ActionScheduler_Action.php(22): do_action_ref_array('wpforms_admin_n...', Array)
#3 /opt/lampp/htdocs/project2/wp-content/plugins/woocommerce/packages/action-scheduler/classes/abstracts/ActionScheduler_Abstract_QueueRunner.php(65): ActionScheduler_Action->execute()
#4 /opt/lampp/htdocs/project2/wp-content/plugins/woocommerce/packages/action-scheduler/classes/ActionScheduler_QueueRunner.php(162): ActionScheduler_Abstract_QueueRunner->process_action(101, 'Async Request')
#5 /opt/lampp/htdocs/project2/wp-content/plugins/woocommerce/packages/action-scheduler/classes/ActionScheduler_QueueRunner.php(132): ActionScheduler_QueueRunner->do_batch(25, 'Async Request')
#6 /opt/lampp/htdocs/project2/wp-includes/class-wp-hook.php(292): ActionScheduler_QueueRunner->run('Async Request')
#7 /opt/lampp/htdocs/project2/wp-includes/class-wp-hook.php(316): WP_Hook->apply_filters('', Array)
#8 /opt/lampp/htdocs/project2/wp-includes/plugin.php(484): WP_Hook->do_action(Array)
#9 /opt/lampp/htdocs/project2/wp-content/plugins/woocommerce/packages/action-scheduler/classes/ActionScheduler_AsyncRequest_QueueRunner.php(52): do_action('action_schedule...', 'Async Request')
#10 /opt/lampp/htdocs/project2/wp-content/plugins/woocommerce/includes/libraries/wp-async-request.php(147): ActionScheduler_AsyncRequest_QueueRunner->handle()
#11 /opt/lampp/htdocs/project2/wp-includes/class-wp-hook.php(292): WP_Async_Request->maybe_handle('')
#12 /opt/lampp/htdocs/project2/wp-includes/class-wp-hook.php(316): WP_Hook->apply_filters('', Array)
#13 /opt/lampp/htdocs/project2/wp-includes/plugin.php(484): WP_Hook->do_action(Array)
#14 /opt/lampp/htdocs/project2/wp-admin/admin-ajax.php(187): do_action('wp_ajax_as_asyn...')
#15 {main}
  thrown in /opt/lampp/htdocs/project2/wp-includes/class-wp-hook.php on line 292

2021-03-18T10:37:35+00:00 CRITICAL Uncaught Error: Unknown named parameter $tasks_meta_id in /opt/lampp/htdocs/project2/wp-includes/class-wp-hook.php:292
Stack trace:
#0 /opt/lampp/htdocs/project2/wp-includes/class-wp-hook.php(316): WP_Hook->apply_filters('', Array)
#1 /opt/lampp/htdocs/project2/wp-includes/plugin.php(551): WP_Hook->do_action(Array)
#2 /opt/lampp/htdocs/project2/wp-content/plugins/woocommerce/packages/action-scheduler/classes/actions/ActionScheduler_Action.php(22): do_action_ref_array('wpforms_admin_n...', Array)
#3 /opt/lampp/htdocs/project2/wp-content/plugins/woocommerce/packages/action-scheduler/classes/abstracts/ActionScheduler_Abstract_QueueRunner.php(65): ActionScheduler_Action->execute()
#4 /opt/lampp/htdocs/project2/wp-content/plugins/woocommerce/packages/action-scheduler/classes/ActionScheduler_QueueRunner.php(162): ActionScheduler_Abstract_QueueRunner->process_action(102, 'WP Cron')
#5 /opt/lampp/htdocs/project2/wp-content/plugins/woocommerce/packages/action-scheduler/classes/ActionScheduler_QueueRunner.php(132): ActionScheduler_QueueRunner->do_batch(25, 'WP Cron')
#6 /opt/lampp/htdocs/project2/wp-includes/class-wp-hook.php(292): ActionScheduler_QueueRunner->run('WP Cron')
#7 /opt/lampp/htdocs/project2/wp-includes/class-wp-hook.php(316): WP_Hook->apply_filters('', Array)
#8 /opt/lampp/htdocs/project2/wp-includes/plugin.php(551): WP_Hook->do_action(Array)
#9 /opt/lampp/htdocs/project2/wp-cron.php(138): do_action_ref_array('action_schedule...', Array)
#10 {main}
  thrown in /opt/lampp/htdocs/project2/wp-includes/class-wp-hook.php on line 292

2021-03-18T10:37:42+00:00 CRITICAL Uncaught Error: Unknown named parameter $tasks_meta_id in /opt/lampp/htdocs/project2/wp-includes/class-wp-hook.php:292
Stack trace:
#0 /opt/lampp/htdocs/project2/wp-includes/class-wp-hook.php(316): WP_Hook->apply_filters('', Array)
#1 /opt/lampp/htdocs/project2/wp-includes/plugin.php(551): WP_Hook->do_action(Array)
#2 /opt/lampp/htdocs/project2/wp-content/plugins/woocommerce/packages/action-scheduler/classes/actions/ActionScheduler_Action.php(22): do_action_ref_array('wpforms_admin_n...', Array)
#3 /opt/lampp/htdocs/project2/wp-content/plugins/woocommerce/packages/action-scheduler/classes/abstracts/ActionScheduler_Abstract_QueueRunner.php(65): ActionScheduler_Action->execute()
#4 /opt/lampp/htdocs/project2/wp-content/plugins/woocommerce/packages/action-scheduler/classes/ActionScheduler_QueueRunner.php(162): ActionScheduler_Abstract_QueueRunner->process_action(103, 'Async Request')
#5 /opt/lampp/htdocs/project2/wp-content/plugins/woocommerce/packages/action-scheduler/classes/ActionScheduler_QueueRunner.php(132): ActionScheduler_QueueRunner->do_batch(25, 'Async Request')
#6 /opt/lampp/htdocs/project2/wp-includes/class-wp-hook.php(292): ActionScheduler_QueueRunner->run('Async Request')
#7 /opt/lampp/htdocs/project2/wp-includes/class-wp-hook.php(316): WP_Hook->apply_filters('', Array)
#8 /opt/lampp/htdocs/project2/wp-includes/plugin.php(484): WP_Hook->do_action(Array)
#9 /opt/lampp/htdocs/project2/wp-content/plugins/woocommerce/packages/action-scheduler/classes/ActionScheduler_AsyncRequest_QueueRunner.php(52): do_action('action_schedule...', 'Async Request')
#10 /opt/lampp/htdocs/project2/wp-content/plugins/woocommerce/includes/libraries/wp-async-request.php(147): ActionScheduler_AsyncRequest_QueueRunner->handle()
#11 /opt/lampp/htdocs/project2/wp-includes/class-wp-hook.php(292): WP_Async_Request->maybe_handle('')
#12 /opt/lampp/htdocs/project2/wp-includes/class-wp-hook.php(316): WP_Hook->apply_filters('', Array)
#13 /opt/lampp/htdocs/project2/wp-includes/plugin.php(484): WP_Hook->do_action(Array)
#14 /opt/lampp/htdocs/project2/wp-admin/admin-ajax.php(187): do_action('wp_ajax_as_asyn...')
#15 {main}
  thrown in /opt/lampp/htdocs/project2/wp-includes/class-wp-hook.php on line 292

2021-03-18T10:38:38+00:00 CRITICAL Uncaught Error: Unknown named parameter $tasks_meta_id in /opt/lampp/htdocs/project2/wp-includes/class-wp-hook.php:292
Stack trace:
#0 /opt/lampp/htdocs/project2/wp-includes/class-wp-hook.php(316): WP_Hook->apply_filters('', Array)
#1 /opt/lampp/htdocs/project2/wp-includes/plugin.php(551): WP_Hook->do_action(Array)
#2 /opt/lampp/htdocs/project2/wp-content/plugins/woocommerce/packages/action-scheduler/classes/actions/ActionScheduler_Action.php(22): do_action_ref_array('wpforms_admin_n...', Array)
#3 /opt/lampp/htdocs/project2/wp-content/plugins/woocommerce/packages/action-scheduler/classes/abstracts/ActionScheduler_Abstract_QueueRunner.php(65): ActionScheduler_Action->execute()
#4 /opt/lampp/htdocs/project2/wp-content/plugins/woocommerce/packages/action-scheduler/classes/ActionScheduler_QueueRunner.php(162): ActionScheduler_Abstract_QueueRunner->process_action(104, 'WP Cron')
#5 /opt/lampp/htdocs/project2/wp-content/plugins/woocommerce/packages/action-scheduler/classes/ActionScheduler_QueueRunner.php(132): ActionScheduler_QueueRunner->do_batch(25, 'WP Cron')
#6 /opt/lampp/htdocs/project2/wp-includes/class-wp-hook.php(292): ActionScheduler_QueueRunner->run('WP Cron')
#7 /opt/lampp/htdocs/project2/wp-includes/class-wp-hook.php(316): WP_Hook->apply_filters('', Array)
#8 /opt/lampp/htdocs/project2/wp-includes/plugin.php(551): WP_Hook->do_action(Array)
#9 /opt/lampp/htdocs/project2/wp-cron.php(138): do_action_ref_array('action_schedule...', Array)
#10 {main}
  thrown in /opt/lampp/htdocs/project2/wp-includes/class-wp-hook.php on line 292

2021-03-18T10:39:56+00:00 CRITICAL Uncaught Error: Unknown named parameter $tasks_meta_id in /opt/lampp/htdocs/project2/wp-includes/class-wp-hook.php:292
Stack trace:
#0 /opt/lampp/htdocs/project2/wp-includes/class-wp-hook.php(316): WP_Hook->apply_filters('', Array)
#1 /opt/lampp/htdocs/project2/wp-includes/plugin.php(551): WP_Hook->do_action(Array)
#2 /opt/lampp/htdocs/project2/wp-content/plugins/woocommerce/packages/action-scheduler/classes/actions/ActionScheduler_Action.php(22): do_action_ref_array('wpforms_admin_n...', Array)
#3 /opt/lampp/htdocs/project2/wp-content/plugins/woocommerce/packages/action-scheduler/classes/abstracts/ActionScheduler_Abstract_QueueRunner.php(65): ActionScheduler_Action->execute()
#4 /opt/lampp/htdocs/project2/wp-content/plugins/woocommerce/packages/action-scheduler/classes/ActionScheduler_QueueRunner.php(162): ActionScheduler_Abstract_QueueRunner->process_action(105, 'WP Cron')
#5 /opt/lampp/htdocs/project2/wp-content/plugins/woocommerce/packages/action-scheduler/classes/ActionScheduler_QueueRunner.php(132): ActionScheduler_QueueRunner->do_batch(25, 'WP Cron')
#6 /opt/lampp/htdocs/project2/wp-includes/class-wp-hook.php(292): ActionScheduler_QueueRunner->run('WP Cron')
#7 /opt/lampp/htdocs/project2/wp-includes/class-wp-hook.php(316): WP_Hook->apply_filters('', Array)
#8 /opt/lampp/htdocs/project2/wp-includes/plugin.php(551): WP_Hook->do_action(Array)
#9 /opt/lampp/htdocs/project2/wp-cron.php(138): do_action_ref_array('action_schedule...', Array)
#10 {main}
  thrown in /opt/lampp/htdocs/project2/wp-includes/class-wp-hook.php on line 292

2021-03-18T10:40:03+00:00 CRITICAL Uncaught Error: Unknown named parameter $tasks_meta_id in /opt/lampp/htdocs/project2/wp-includes/class-wp-hook.php:292
Stack trace:
#0 /opt/lampp/htdocs/project2/wp-includes/class-wp-hook.php(316): WP_Hook->apply_filters('', Array)
#1 /opt/lampp/htdocs/project2/wp-includes/plugin.php(551): WP_Hook->do_action(Array)
#2 /opt/lampp/htdocs/project2/wp-content/plugins/woocommerce/packages/action-scheduler/classes/actions/ActionScheduler_Action.php(22): do_action_ref_array('wpforms_admin_n...', Array)
#3 /opt/lampp/htdocs/project2/wp-content/plugins/woocommerce/packages/action-scheduler/classes/abstracts/ActionScheduler_Abstract_QueueRunner.php(65): ActionScheduler_Action->execute()
#4 /opt/lampp/htdocs/project2/wp-content/plugins/woocommerce/packages/action-scheduler/classes/ActionScheduler_QueueRunner.php(162): ActionScheduler_Abstract_QueueRunner->process_action(106, 'Async Request')
#5 /opt/lampp/htdocs/project2/wp-content/plugins/woocommerce/packages/action-scheduler/classes/ActionScheduler_QueueRunner.php(132): ActionScheduler_QueueRunner->do_batch(25, 'Async Request')
#6 /opt/lampp/htdocs/project2/wp-includes/class-wp-hook.php(292): ActionScheduler_QueueRunner->run('Async Request')
#7 /opt/lampp/htdocs/project2/wp-includes/class-wp-hook.php(316): WP_Hook->apply_filters('', Array)
#8 /opt/lampp/htdocs/project2/wp-includes/plugin.php(484): WP_Hook->do_action(Array)
#9 /opt/lampp/htdocs/project2/wp-content/plugins/woocommerce/packages/action-scheduler/classes/ActionScheduler_AsyncRequest_QueueRunner.php(52): do_action('action_schedule...', 'Async Request')
#10 /opt/lampp/htdocs/project2/wp-content/plugins/woocommerce/includes/libraries/wp-async-request.php(147): ActionScheduler_AsyncRequest_QueueRunner->handle()
#11 /opt/lampp/htdocs/project2/wp-includes/class-wp-hook.php(292): WP_Async_Request->maybe_handle('')
#12 /opt/lampp/htdocs/project2/wp-includes/class-wp-hook.php(316): WP_Hook->apply_filters('', Array)
#13 /opt/lampp/htdocs/project2/wp-includes/plugin.php(484): WP_Hook->do_action(Array)
#14 /opt/lampp/htdocs/project2/wp-admin/admin-ajax.php(187): do_action('wp_ajax_as_asyn...')
#15 {main}
  thrown in /opt/lampp/htdocs/project2/wp-includes/class-wp-hook.php on line 292

2021-03-18T10:42:35+00:00 CRITICAL Uncaught Error: Unknown named parameter $tasks_meta_id in /opt/lampp/htdocs/project2/wp-includes/class-wp-hook.php:292
Stack trace:
#0 /opt/lampp/htdocs/project2/wp-includes/class-wp-hook.php(316): WP_Hook->apply_filters('', Array)
#1 /opt/lampp/htdocs/project2/wp-includes/plugin.php(551): WP_Hook->do_action(Array)
#2 /opt/lampp/htdocs/project2/wp-content/plugins/woocommerce/packages/action-scheduler/classes/actions/ActionScheduler_Action.php(22): do_action_ref_array('wpforms_admin_n...', Array)
#3 /opt/lampp/htdocs/project2/wp-content/plugins/woocommerce/packages/action-scheduler/classes/abstracts/ActionScheduler_Abstract_QueueRunner.php(65): ActionScheduler_Action->execute()
#4 /opt/lampp/htdocs/project2/wp-content/plugins/woocommerce/packages/action-scheduler/classes/ActionScheduler_QueueRunner.php(162): ActionScheduler_Abstract_QueueRunner->process_action(107, 'WP Cron')
#5 /opt/lampp/htdocs/project2/wp-content/plugins/woocommerce/packages/action-scheduler/classes/ActionScheduler_QueueRunner.php(132): ActionScheduler_QueueRunner->do_batch(25, 'WP Cron')
#6 /opt/lampp/htdocs/project2/wp-includes/class-wp-hook.php(292): ActionScheduler_QueueRunner->run('WP Cron')
#7 /opt/lampp/htdocs/project2/wp-includes/class-wp-hook.php(316): WP_Hook->apply_filters('', Array)
#8 /opt/lampp/htdocs/project2/wp-includes/plugin.php(551): WP_Hook->do_action(Array)
#9 /opt/lampp/htdocs/project2/wp-cron.php(138): do_action_ref_array('action_schedule...', Array)
#10 {main}
  thrown in /opt/lampp/htdocs/project2/wp-includes/class-wp-hook.php on line 292

2021-03-18T10:42:39+00:00 CRITICAL Uncaught Error: Unknown named parameter $tasks_meta_id in /opt/lampp/htdocs/project2/wp-includes/class-wp-hook.php:292
Stack trace:
#0 /opt/lampp/htdocs/project2/wp-includes/class-wp-hook.php(316): WP_Hook->apply_filters('', Array)
#1 /opt/lampp/htdocs/project2/wp-includes/plugin.php(551): WP_Hook->do_action(Array)
#2 /opt/lampp/htdocs/project2/wp-content/plugins/woocommerce/packages/action-scheduler/classes/actions/ActionScheduler_Action.php(22): do_action_ref_array('wpforms_admin_n...', Array)
#3 /opt/lampp/htdocs/project2/wp-content/plugins/woocommerce/packages/action-scheduler/classes/abstracts/ActionScheduler_Abstract_QueueRunner.php(65): ActionScheduler_Action->execute()
#4 /opt/lampp/htdocs/project2/wp-content/plugins/woocommerce/packages/action-scheduler/classes/ActionScheduler_QueueRunner.php(162): ActionScheduler_Abstract_QueueRunner->process_action(108, 'Async Request')
#5 /opt/lampp/htdocs/project2/wp-content/plugins/woocommerce/packages/action-scheduler/classes/ActionScheduler_QueueRunner.php(132): ActionScheduler_QueueRunner->do_batch(25, 'Async Request')
#6 /opt/lampp/htdocs/project2/wp-includes/class-wp-hook.php(292): ActionScheduler_QueueRunner->run('Async Request')
#7 /opt/lampp/htdocs/project2/wp-includes/class-wp-hook.php(316): WP_Hook->apply_filters('', Array)
#8 /opt/lampp/htdocs/project2/wp-includes/plugin.php(484): WP_Hook->do_action(Array)
#9 /opt/lampp/htdocs/project2/wp-content/plugins/woocommerce/packages/action-scheduler/classes/ActionScheduler_AsyncRequest_QueueRunner.php(52): do_action('action_schedule...', 'Async Request')
#10 /opt/lampp/htdocs/project2/wp-content/plugins/woocommerce/includes/libraries/wp-async-request.php(147): ActionScheduler_AsyncRequest_QueueRunner->handle()
#11 /opt/lampp/htdocs/project2/wp-includes/class-wp-hook.php(292): WP_Async_Request->maybe_handle('')
#12 /opt/lampp/htdocs/project2/wp-includes/class-wp-hook.php(316): WP_Hook->apply_filters('', Array)
#13 /opt/lampp/htdocs/project2/wp-includes/plugin.php(484): WP_Hook->do_action(Array)
#14 /opt/lampp/htdocs/project2/wp-admin/admin-ajax.php(187): do_action('wp_ajax_as_asyn...')
#15 {main}
  thrown in /opt/lampp/htdocs/project2/wp-includes/class-wp-hook.php on line 292

2021-03-18T10:45:02+00:00 CRITICAL Uncaught Error: Unknown named parameter $tasks_meta_id in /opt/lampp/htdocs/project2/wp-includes/class-wp-hook.php:292
Stack trace:
#0 /opt/lampp/htdocs/project2/wp-includes/class-wp-hook.php(316): WP_Hook->apply_filters('', Array)
#1 /opt/lampp/htdocs/project2/wp-includes/plugin.php(551): WP_Hook->do_action(Array)
#2 /opt/lampp/htdocs/project2/wp-content/plugins/woocommerce/packages/action-scheduler/classes/actions/ActionScheduler_Action.php(22): do_action_ref_array('wpforms_admin_n...', Array)
#3 /opt/lampp/htdocs/project2/wp-content/plugins/woocommerce/packages/action-scheduler/classes/abstracts/ActionScheduler_Abstract_QueueRunner.php(65): ActionScheduler_Action->execute()
#4 /opt/lampp/htdocs/project2/wp-content/plugins/woocommerce/packages/action-scheduler/classes/ActionScheduler_QueueRunner.php(162): ActionScheduler_Abstract_QueueRunner->process_action(109, 'Async Request')
#5 /opt/lampp/htdocs/project2/wp-content/plugins/woocommerce/packages/action-scheduler/classes/ActionScheduler_QueueRunner.php(132): ActionScheduler_QueueRunner->do_batch(25, 'Async Request')
#6 /opt/lampp/htdocs/project2/wp-includes/class-wp-hook.php(292): ActionScheduler_QueueRunner->run('Async Request')
#7 /opt/lampp/htdocs/project2/wp-includes/class-wp-hook.php(316): WP_Hook->apply_filters('', Array)
#8 /opt/lampp/htdocs/project2/wp-includes/plugin.php(484): WP_Hook->do_action(Array)
#9 /opt/lampp/htdocs/project2/wp-content/plugins/woocommerce/packages/action-scheduler/classes/ActionScheduler_AsyncRequest_QueueRunner.php(52): do_action('action_schedule...', 'Async Request')
#10 /opt/lampp/htdocs/project2/wp-content/plugins/woocommerce/includes/libraries/wp-async-request.php(147): ActionScheduler_AsyncRequest_QueueRunner->handle()
#11 /opt/lampp/htdocs/project2/wp-includes/class-wp-hook.php(292): WP_Async_Request->maybe_handle('')
#12 /opt/lampp/htdocs/project2/wp-includes/class-wp-hook.php(316): WP_Hook->apply_filters('', Array)
#13 /opt/lampp/htdocs/project2/wp-includes/plugin.php(484): WP_Hook->do_action(Array)
#14 /opt/lampp/htdocs/project2/wp-admin/admin-ajax.php(187): do_action('wp_ajax_as_asyn...')
#15 {main}
  thrown in /opt/lampp/htdocs/project2/wp-includes/class-wp-hook.php on line 292

2021-03-18T10:45:31+00:00 CRITICAL Uncaught Error: Unknown named parameter $tasks_meta_id in /opt/lampp/htdocs/project2/wp-includes/class-wp-hook.php:292
Stack trace:
#0 /opt/lampp/htdocs/project2/wp-includes/class-wp-hook.php(316): WP_Hook->apply_filters('', Array)
#1 /opt/lampp/htdocs/project2/wp-includes/plugin.php(551): WP_Hook->do_action(Array)
#2 /opt/lampp/htdocs/project2/wp-content/plugins/woocommerce/packages/action-scheduler/classes/actions/ActionScheduler_Action.php(22): do_action_ref_array('wpforms_admin_n...', Array)
#3 /opt/lampp/htdocs/project2/wp-content/plugins/woocommerce/packages/action-scheduler/classes/abstracts/ActionScheduler_Abstract_QueueRunner.php(65): ActionScheduler_Action->execute()
#4 /opt/lampp/htdocs/project2/wp-content/plugins/woocommerce/packages/action-scheduler/classes/ActionScheduler_QueueRunner.php(162): ActionScheduler_Abstract_QueueRunner->process_action(110, 'WP Cron')
#5 /opt/lampp/htdocs/project2/wp-content/plugins/woocommerce/packages/action-scheduler/classes/ActionScheduler_QueueRunner.php(132): ActionScheduler_QueueRunner->do_batch(25, 'WP Cron')
#6 /opt/lampp/htdocs/project2/wp-includes/class-wp-hook.php(292): ActionScheduler_QueueRunner->run('WP Cron')
#7 /opt/lampp/htdocs/project2/wp-includes/class-wp-hook.php(316): WP_Hook->apply_filters('', Array)
#8 /opt/lampp/htdocs/project2/wp-includes/plugin.php(551): WP_Hook->do_action(Array)
#9 /opt/lampp/htdocs/project2/wp-cron.php(138): do_action_ref_array('action_schedule...', Array)
#10 {main}
  thrown in /opt/lampp/htdocs/project2/wp-includes/class-wp-hook.php on line 292

2021-03-18T10:46:41+00:00 CRITICAL Uncaught Error: Unknown named parameter $tasks_meta_id in /opt/lampp/htdocs/project2/wp-includes/class-wp-hook.php:292
Stack trace:
#0 /opt/lampp/htdocs/project2/wp-includes/class-wp-hook.php(316): WP_Hook->apply_filters('', Array)
#1 /opt/lampp/htdocs/project2/wp-includes/plugin.php(551): WP_Hook->do_action(Array)
#2 /opt/lampp/htdocs/project2/wp-content/plugins/woocommerce/packages/action-scheduler/classes/actions/ActionScheduler_Action.php(22): do_action_ref_array('wpforms_admin_n...', Array)
#3 /opt/lampp/htdocs/project2/wp-content/plugins/woocommerce/packages/action-scheduler/classes/abstracts/ActionScheduler_Abstract_QueueRunner.php(65): ActionScheduler_Action->execute()
#4 /opt/lampp/htdocs/project2/wp-content/plugins/woocommerce/packages/action-scheduler/classes/ActionScheduler_QueueRunner.php(162): ActionScheduler_Abstract_QueueRunner->process_action(111, 'WP Cron')
#5 /opt/lampp/htdocs/project2/wp-content/plugins/woocommerce/packages/action-scheduler/classes/ActionScheduler_QueueRunner.php(132): ActionScheduler_QueueRunner->do_batch(25, 'WP Cron')
#6 /opt/lampp/htdocs/project2/wp-includes/class-wp-hook.php(292): ActionScheduler_QueueRunner->run('WP Cron')
#7 /opt/lampp/htdocs/project2/wp-includes/class-wp-hook.php(316): WP_Hook->apply_filters('', Array)
#8 /opt/lampp/htdocs/project2/wp-includes/plugin.php(551): WP_Hook->do_action(Array)
#9 /opt/lampp/htdocs/project2/wp-cron.php(138): do_action_ref_array('action_schedule...', Array)
#10 {main}
  thrown in /opt/lampp/htdocs/project2/wp-includes/class-wp-hook.php on line 292

